{
  "stats": {
    "suites": 1,
    "tests": 10,
    "passes": 10,
    "pending": 0,
    "failures": 0,
    "start": "2025-08-24T04:25:43.536Z",
    "end": "2025-08-24T04:26:11.985Z",
    "duration": 28449,
    "testsRegistered": 10,
    "passPercent": 100,
    "pendingPercent": 0,
    "other": 0,
    "hasOther": false,
    "skipped": 0,
    "hasSkipped": false
  },
  "results": [
    {
      "uuid": "06ef2c41-6787-4e36-8ca4-ea81db82ef44",
      "title": "",
      "fullFile": "cypress\\e2e\\Quiz3_LoginOrange.cy.js",
      "file": "cypress\\e2e\\Quiz3_LoginOrange.cy.js",
      "beforeHooks": [],
      "afterHooks": [],
      "tests": [],
      "suites": [
        {
          "uuid": "81ed4081-bfb4-4c42-b615-a476b7732828",
          "title": "OrangeHRM Login Tests",
          "fullFile": "",
          "file": "",
          "beforeHooks": [],
          "afterHooks": [],
          "tests": [
            {
              "title": "TC_001 - Login dengan username dan password valid",
              "fullTitle": "OrangeHRM Login Tests TC_001 - Login dengan username dan password valid",
              "timedOut": null,
              "duration": 4563,
              "state": "passed",
              "speed": "fast",
              "pass": true,
              "fail": false,
              "pending": false,
              "context": null,
              "code": "cy.get('input[name=\"username\"]').type('Admin');\ncy.get('input[name=\"password\"]').type('admin123');\ncy.get('button[type=\"submit\"]').click();\ncy.url().should('include', '/dashboard'); // berhasil login",
              "err": {},
              "uuid": "6760b68f-0ac4-4b14-a8f3-623b34340eb2",
              "parentUUID": "81ed4081-bfb4-4c42-b615-a476b7732828",
              "isHook": false,
              "skipped": false
            },
            {
              "title": "TC_002 - Login dengan username salah dan password benar",
              "fullTitle": "OrangeHRM Login Tests TC_002 - Login dengan username salah dan password benar",
              "timedOut": null,
              "duration": 2752,
              "state": "passed",
              "speed": "fast",
              "pass": true,
              "fail": false,
              "pending": false,
              "context": null,
              "code": "cy.get('input[name=\"username\"]').type('Adminn');\ncy.get('input[name=\"password\"]').type('admin123');\ncy.get('button[type=\"submit\"]').click();\ncy.contains('Invalid credentials').should('be.visible');",
              "err": {},
              "uuid": "fcdf72ad-e178-4364-ad64-08b49949fb41",
              "parentUUID": "81ed4081-bfb4-4c42-b615-a476b7732828",
              "isHook": false,
              "skipped": false
            },
            {
              "title": "TC_003 - Login dengan username benar dan password salah",
              "fullTitle": "OrangeHRM Login Tests TC_003 - Login dengan username benar dan password salah",
              "timedOut": null,
              "duration": 2839,
              "state": "passed",
              "speed": "fast",
              "pass": true,
              "fail": false,
              "pending": false,
              "context": null,
              "code": "cy.get('input[name=\"username\"]').type('Admin');\ncy.get('input[name=\"password\"]').type('admin1234');\ncy.get('button[type=\"submit\"]').click();\ncy.contains('Invalid credentials').should('be.visible');",
              "err": {},
              "uuid": "c8d79260-9d6a-48ad-abec-20da0fe33361",
              "parentUUID": "81ed4081-bfb4-4c42-b615-a476b7732828",
              "isHook": false,
              "skipped": false
            },
            {
              "title": "TC_004 - Login dengan username salah dan password salah",
              "fullTitle": "OrangeHRM Login Tests TC_004 - Login dengan username salah dan password salah",
              "timedOut": null,
              "duration": 2772,
              "state": "passed",
              "speed": "fast",
              "pass": true,
              "fail": false,
              "pending": false,
              "context": null,
              "code": "cy.get('input[name=\"username\"]').type('Adminn');\ncy.get('input[name=\"password\"]').type('admin1234');\ncy.get('button[type=\"submit\"]').click();\ncy.contains('Invalid credentials').should('be.visible');",
              "err": {},
              "uuid": "97de5a26-97ef-4465-9ddf-1a748a582b6c",
              "parentUUID": "81ed4081-bfb4-4c42-b615-a476b7732828",
              "isHook": false,
              "skipped": false
            },
            {
              "title": "TC_005 - Login dengan username kosong dan password valid",
              "fullTitle": "OrangeHRM Login Tests TC_005 - Login dengan username kosong dan password valid",
              "timedOut": null,
              "duration": 1311,
              "state": "passed",
              "speed": "fast",
              "pass": true,
              "fail": false,
              "pending": false,
              "context": null,
              "code": "cy.get('input[name=\"password\"]').type('admin123');\ncy.get('button[type=\"submit\"]').click();\ncy.get('.oxd-input-group > .oxd-text').should('contain', 'Required');",
              "err": {},
              "uuid": "1b265322-0d8b-4f1a-9544-431c1bcb1075",
              "parentUUID": "81ed4081-bfb4-4c42-b615-a476b7732828",
              "isHook": false,
              "skipped": false
            },
            {
              "title": "TC_006 - Login dengan username valid dan password kosong",
              "fullTitle": "OrangeHRM Login Tests TC_006 - Login dengan username valid dan password kosong",
              "timedOut": null,
              "duration": 1250,
              "state": "passed",
              "speed": "fast",
              "pass": true,
              "fail": false,
              "pending": false,
              "context": null,
              "code": "cy.get('input[name=\"username\"]').type('Admin');\ncy.get('button[type=\"submit\"]').click();\ncy.get('.oxd-input-group > .oxd-text').should('contain', 'Required');",
              "err": {},
              "uuid": "3ad376a3-6ccc-4b20-afaf-9227d9c1652a",
              "parentUUID": "81ed4081-bfb4-4c42-b615-a476b7732828",
              "isHook": false,
              "skipped": false
            },
            {
              "title": "TC_007 - Login dengan username dan password kosong",
              "fullTitle": "OrangeHRM Login Tests TC_007 - Login dengan username dan password kosong",
              "timedOut": null,
              "duration": 1572,
              "state": "passed",
              "speed": "fast",
              "pass": true,
              "fail": false,
              "pending": false,
              "context": null,
              "code": "cy.get('button[type=\"submit\"]').click();\ncy.get('.oxd-input-group > .oxd-text').should('contain', 'Required');",
              "err": {},
              "uuid": "e6a45f1c-b1bf-4ebf-8d70-f2f799a8f461",
              "parentUUID": "81ed4081-bfb4-4c42-b615-a476b7732828",
              "isHook": false,
              "skipped": false
            },
            {
              "title": "TC_008 - Login dengan spasi di username",
              "fullTitle": "OrangeHRM Login Tests TC_008 - Login dengan spasi di username",
              "timedOut": null,
              "duration": 2975,
              "state": "passed",
              "speed": "fast",
              "pass": true,
              "fail": false,
              "pending": false,
              "context": null,
              "code": "cy.get('input[name=\"username\"]').type(' Admin ');\ncy.get('input[name=\"password\"]').type('admin123');\ncy.get('button[type=\"submit\"]').click();\ncy.contains('Invalid credentials').should('be.visible');",
              "err": {},
              "uuid": "4ff45a6c-4971-48c9-b47a-6b519e2023e8",
              "parentUUID": "81ed4081-bfb4-4c42-b615-a476b7732828",
              "isHook": false,
              "skipped": false
            },
            {
              "title": "TC_009 - Login dengan username/password yang salah berulang kali",
              "fullTitle": "OrangeHRM Login Tests TC_009 - Login dengan username/password yang salah berulang kali",
              "timedOut": null,
              "duration": 3244,
              "state": "passed",
              "speed": "fast",
              "pass": true,
              "fail": false,
              "pending": false,
              "context": null,
              "code": "cy.get('input[name=\"username\"]').type('Admin');\ncy.get('input[name=\"password\"]').type('123');\ncy.get('button[type=\"submit\"]').click();\ncy.contains('Invalid credentials').should('be.visible');",
              "err": {},
              "uuid": "f3eed445-e5b6-4387-90ee-567a23c2b049",
              "parentUUID": "81ed4081-bfb4-4c42-b615-a476b7732828",
              "isHook": false,
              "skipped": false
            },
            {
              "title": "TC_010 - Klik Forget Your Password",
              "fullTitle": "OrangeHRM Login Tests TC_010 - Klik Forget Your Password",
              "timedOut": null,
              "duration": 1660,
              "state": "passed",
              "speed": "fast",
              "pass": true,
              "fail": false,
              "pending": false,
              "context": null,
              "code": "cy.contains('Forgot your password?').click();\ncy.url().should('include', '/requestPasswordResetCode');",
              "err": {},
              "uuid": "bc7d66bd-2254-4cdd-b7e6-ddb975b576d6",
              "parentUUID": "81ed4081-bfb4-4c42-b615-a476b7732828",
              "isHook": false,
              "skipped": false
            }
          ],
          "suites": [],
          "passes": [
            "6760b68f-0ac4-4b14-a8f3-623b34340eb2",
            "fcdf72ad-e178-4364-ad64-08b49949fb41",
            "c8d79260-9d6a-48ad-abec-20da0fe33361",
            "97de5a26-97ef-4465-9ddf-1a748a582b6c",
            "1b265322-0d8b-4f1a-9544-431c1bcb1075",
            "3ad376a3-6ccc-4b20-afaf-9227d9c1652a",
            "e6a45f1c-b1bf-4ebf-8d70-f2f799a8f461",
            "4ff45a6c-4971-48c9-b47a-6b519e2023e8",
            "f3eed445-e5b6-4387-90ee-567a23c2b049",
            "bc7d66bd-2254-4cdd-b7e6-ddb975b576d6"
          ],
          "failures": [],
          "pending": [],
          "skipped": [],
          "duration": 24938,
          "root": false,
          "rootEmpty": false,
          "_timeout": 2000
        }
      ],
      "passes": [],
      "failures": [],
      "pending": [],
      "skipped": [],
      "duration": 0,
      "root": true,
      "rootEmpty": true,
      "_timeout": 2000
    }
  ],
  "meta": {
    "mocha": {
      "version": "7.2.0"
    },
    "mochawesome": {
      "options": {
        "quiet": false,
        "reportFilename": "mochawesome",
        "saveHtml": true,
        "saveJson": true,
        "consoleReporter": "spec",
        "useInlineDiffs": false,
        "code": true
      },
      "version": "7.1.3"
    },
    "marge": {
      "options": null,
      "version": "6.2.0"
    }
  }
}