{
  "stats": {
    "suites": 1,
    "tests": 10,
    "passes": 10,
    "pending": 0,
    "failures": 0,
    "start": "2025-08-25T08:30:03.626Z",
    "end": "2025-08-25T08:30:32.932Z",
    "duration": 29306,
    "testsRegistered": 10,
    "passPercent": 100,
    "pendingPercent": 0,
    "other": 0,
    "hasOther": false,
    "skipped": 0,
    "hasSkipped": false
  },
  "results": [
    {
      "uuid": "d931dc32-d348-462d-b3c3-c3ea7e2dbad3",
      "title": "",
      "fullFile": "cypress\\e2e\\Quiz3_LoginOrange.cy.js",
      "file": "cypress\\e2e\\Quiz3_LoginOrange.cy.js",
      "beforeHooks": [],
      "afterHooks": [],
      "tests": [],
      "suites": [
        {
          "uuid": "a9ea19af-74fd-42cc-88b1-5f0ee3d0850c",
          "title": "OrangeHRM Login Tests",
          "fullFile": "",
          "file": "",
          "beforeHooks": [],
          "afterHooks": [],
          "tests": [
            {
              "title": "TC_001 - Login dengan username dan password valid",
              "fullTitle": "OrangeHRM Login Tests TC_001 - Login dengan username dan password valid",
              "timedOut": null,
              "duration": 5464,
              "state": "passed",
              "speed": "medium",
              "pass": true,
              "fail": false,
              "pending": false,
              "context": null,
              "code": "cy.intercept('POST', '**/auth/validate').as('loginRequest');\ncy.get('input[name=\"username\"]').type('Admin');\ncy.get('input[name=\"password\"]').type('admin123');\ncy.get('button[type=\"submit\"]').click();\ncy.wait('@loginRequest').its('response.statusCode').should('eq', 302);\ncy.url().should('include', '/dashboard'); // berhasil login",
              "err": {},
              "uuid": "09d9a036-dcb8-4c7f-84d9-82e2386eb0da",
              "parentUUID": "a9ea19af-74fd-42cc-88b1-5f0ee3d0850c",
              "isHook": false,
              "skipped": false
            },
            {
              "title": "TC_002 - Login dengan username salah dan password benar",
              "fullTitle": "OrangeHRM Login Tests TC_002 - Login dengan username salah dan password benar",
              "timedOut": null,
              "duration": 3282,
              "state": "passed",
              "speed": "fast",
              "pass": true,
              "fail": false,
              "pending": false,
              "context": null,
              "code": "cy.intercept('POST', '**/auth/validate').as('loginRequest');\ncy.get('input[name=\"username\"]').type('Adminn');\ncy.get('input[name=\"password\"]').type('admin123');\ncy.get('button[type=\"submit\"]').click();\ncy.wait('@loginRequest').its('response.statusCode').should('eq', 302);\ncy.contains('Invalid credentials').should('be.visible');",
              "err": {},
              "uuid": "4e8dc5a6-6d3e-40e6-a954-8b0ad786ca86",
              "parentUUID": "a9ea19af-74fd-42cc-88b1-5f0ee3d0850c",
              "isHook": false,
              "skipped": false
            },
            {
              "title": "TC_003 - Login dengan username benar dan password salah",
              "fullTitle": "OrangeHRM Login Tests TC_003 - Login dengan username benar dan password salah",
              "timedOut": null,
              "duration": 3348,
              "state": "passed",
              "speed": "fast",
              "pass": true,
              "fail": false,
              "pending": false,
              "context": null,
              "code": "cy.intercept('POST', '**/auth/validate').as('loginRequest');\ncy.get('input[name=\"username\"]').type('Admin');\ncy.get('input[name=\"password\"]').type('admin1234');\ncy.get('button[type=\"submit\"]').click();\ncy.wait('@loginRequest').its('response.statusCode').should('eq', 302);\ncy.contains('Invalid credentials').should('be.visible');",
              "err": {},
              "uuid": "e30a7bae-e55c-4270-a19e-ac9fb095e7ef",
              "parentUUID": "a9ea19af-74fd-42cc-88b1-5f0ee3d0850c",
              "isHook": false,
              "skipped": false
            },
            {
              "title": "TC_004 - Login dengan username salah dan password salah",
              "fullTitle": "OrangeHRM Login Tests TC_004 - Login dengan username salah dan password salah",
              "timedOut": null,
              "duration": 2470,
              "state": "passed",
              "speed": "fast",
              "pass": true,
              "fail": false,
              "pending": false,
              "context": null,
              "code": "cy.intercept('POST', '**/auth/validate').as('loginRequest');\ncy.get('input[name=\"username\"]').type('Adminn');\ncy.get('input[name=\"password\"]').type('admin1234');\ncy.get('button[type=\"submit\"]').click();\ncy.wait('@loginRequest').its('response.statusCode').should('eq', 302);\ncy.contains('Invalid credentials').should('be.visible');",
              "err": {},
              "uuid": "ab7c4b0e-013a-4a97-afef-dbbfcb7d7442",
              "parentUUID": "a9ea19af-74fd-42cc-88b1-5f0ee3d0850c",
              "isHook": false,
              "skipped": false
            },
            {
              "title": "TC_005 - Login dengan username kosong dan password valid",
              "fullTitle": "OrangeHRM Login Tests TC_005 - Login dengan username kosong dan password valid",
              "timedOut": null,
              "duration": 1167,
              "state": "passed",
              "speed": "fast",
              "pass": true,
              "fail": false,
              "pending": false,
              "context": null,
              "code": "cy.intercept('POST', '**/auth/validate').as('loginRequest');\ncy.get('input[name=\"password\"]').type('admin123');\ncy.get('button[type=\"submit\"]').click();\ncy.get('.oxd-input-group > .oxd-text').should('contain', 'Required');",
              "err": {},
              "uuid": "a83dffce-d979-43d9-b33d-ee83fa6672f4",
              "parentUUID": "a9ea19af-74fd-42cc-88b1-5f0ee3d0850c",
              "isHook": false,
              "skipped": false
            },
            {
              "title": "TC_006 - Login dengan username valid dan password kosong",
              "fullTitle": "OrangeHRM Login Tests TC_006 - Login dengan username valid dan password kosong",
              "timedOut": null,
              "duration": 1110,
              "state": "passed",
              "speed": "fast",
              "pass": true,
              "fail": false,
              "pending": false,
              "context": null,
              "code": "cy.intercept('POST', '**/auth/validate').as('loginRequest');\ncy.get('input[name=\"username\"]').type('Admin');\ncy.get('button[type=\"submit\"]').click();\ncy.get('.oxd-input-group > .oxd-text').should('contain', 'Required');",
              "err": {},
              "uuid": "829c3d18-6c19-4fb5-a451-86a8e9989542",
              "parentUUID": "a9ea19af-74fd-42cc-88b1-5f0ee3d0850c",
              "isHook": false,
              "skipped": false
            },
            {
              "title": "TC_007 - Login dengan username dan password kosong",
              "fullTitle": "OrangeHRM Login Tests TC_007 - Login dengan username dan password kosong",
              "timedOut": null,
              "duration": 926,
              "state": "passed",
              "speed": "fast",
              "pass": true,
              "fail": false,
              "pending": false,
              "context": null,
              "code": "cy.intercept('POST', '**/auth/validate').as('loginRequest');\ncy.get('button[type=\"submit\"]').click();\ncy.get('.oxd-input-group > .oxd-text').should('contain', 'Required');",
              "err": {},
              "uuid": "158a6767-6293-472c-8114-d41c078dce5e",
              "parentUUID": "a9ea19af-74fd-42cc-88b1-5f0ee3d0850c",
              "isHook": false,
              "skipped": false
            },
            {
              "title": "TC_008 - Login dengan spasi di username",
              "fullTitle": "OrangeHRM Login Tests TC_008 - Login dengan spasi di username",
              "timedOut": null,
              "duration": 2609,
              "state": "passed",
              "speed": "fast",
              "pass": true,
              "fail": false,
              "pending": false,
              "context": null,
              "code": "cy.intercept('POST', '**/auth/validate').as('loginRequest');\ncy.get('input[name=\"username\"]').type(' Admin ');\ncy.get('input[name=\"password\"]').type('admin123');\ncy.get('button[type=\"submit\"]').click();\ncy.wait('@loginRequest').its('response.statusCode').should('eq', 302);\ncy.contains('Invalid credentials').should('be.visible');",
              "err": {},
              "uuid": "071ec7f8-70ba-4e98-bffa-6b4254e0c06f",
              "parentUUID": "a9ea19af-74fd-42cc-88b1-5f0ee3d0850c",
              "isHook": false,
              "skipped": false
            },
            {
              "title": "TC_009 - Login dengan username/password yang salah berulang kali",
              "fullTitle": "OrangeHRM Login Tests TC_009 - Login dengan username/password yang salah berulang kali",
              "timedOut": null,
              "duration": 2703,
              "state": "passed",
              "speed": "fast",
              "pass": true,
              "fail": false,
              "pending": false,
              "context": null,
              "code": "cy.intercept('POST', '**/auth/validate').as('loginRequest');\ncy.get('input[name=\"username\"]').type('Admin');\ncy.get('input[name=\"password\"]').type('123');\ncy.get('button[type=\"submit\"]').click();\ncy.wait('@loginRequest').its('response.statusCode').should('eq', 302);\ncy.contains('Invalid credentials').should('be.visible');",
              "err": {},
              "uuid": "5fc6cba0-5fa0-4c37-a0f6-6a1a2e628d24",
              "parentUUID": "a9ea19af-74fd-42cc-88b1-5f0ee3d0850c",
              "isHook": false,
              "skipped": false
            },
            {
              "title": "TC_010 - Klik Forget Your Password",
              "fullTitle": "OrangeHRM Login Tests TC_010 - Klik Forget Your Password",
              "timedOut": null,
              "duration": 1909,
              "state": "passed",
              "speed": "fast",
              "pass": true,
              "fail": false,
              "pending": false,
              "context": null,
              "code": "cy.contains('Forgot your password?').click();\ncy.url().should('include', '/requestPasswordResetCode');",
              "err": {},
              "uuid": "d1b7726c-620c-45ed-9b3c-4d5b0fb8e8ec",
              "parentUUID": "a9ea19af-74fd-42cc-88b1-5f0ee3d0850c",
              "isHook": false,
              "skipped": false
            }
          ],
          "suites": [],
          "passes": [
            "09d9a036-dcb8-4c7f-84d9-82e2386eb0da",
            "4e8dc5a6-6d3e-40e6-a954-8b0ad786ca86",
            "e30a7bae-e55c-4270-a19e-ac9fb095e7ef",
            "ab7c4b0e-013a-4a97-afef-dbbfcb7d7442",
            "a83dffce-d979-43d9-b33d-ee83fa6672f4",
            "829c3d18-6c19-4fb5-a451-86a8e9989542",
            "158a6767-6293-472c-8114-d41c078dce5e",
            "071ec7f8-70ba-4e98-bffa-6b4254e0c06f",
            "5fc6cba0-5fa0-4c37-a0f6-6a1a2e628d24",
            "d1b7726c-620c-45ed-9b3c-4d5b0fb8e8ec"
          ],
          "failures": [],
          "pending": [],
          "skipped": [],
          "duration": 24988,
          "root": false,
          "rootEmpty": false,
          "_timeout": 2000
        }
      ],
      "passes": [],
      "failures": [],
      "pending": [],
      "skipped": [],
      "duration": 0,
      "root": true,
      "rootEmpty": true,
      "_timeout": 2000
    }
  ],
  "meta": {
    "mocha": {
      "version": "7.2.0"
    },
    "mochawesome": {
      "options": {
        "quiet": false,
        "reportFilename": "mochawesome",
        "saveHtml": true,
        "saveJson": true,
        "consoleReporter": "spec",
        "useInlineDiffs": false,
        "code": true
      },
      "version": "7.1.3"
    },
    "marge": {
      "options": null,
      "version": "6.2.0"
    }
  }
}