{
  "stats": {
    "suites": 1,
    "tests": 17,
    "passes": 17,
    "pending": 0,
    "failures": 0,
    "start": "2025-08-28T03:01:39.473Z",
    "end": "2025-08-28T03:01:47.276Z",
    "duration": 7803,
    "testsRegistered": 17,
    "passPercent": 100,
    "pendingPercent": 0,
    "other": 0,
    "hasOther": false,
    "skipped": 0,
    "hasSkipped": false
  },
  "results": [
    {
      "uuid": "13cdce52-7949-4e6a-baa6-6f86ccdd17bf",
      "title": "",
      "fullFile": "cypress\\e2e\\Tugas18_Reqres.cy.js",
      "file": "cypress\\e2e\\Tugas18_Reqres.cy.js",
      "beforeHooks": [],
      "afterHooks": [],
      "tests": [],
      "suites": [
        {
          "uuid": "f39abe59-7c41-477d-b1f0-04ef7bbf6dbe",
          "title": "ReqRes API Automation with POM",
          "fullFile": "",
          "file": "",
          "beforeHooks": [],
          "afterHooks": [],
          "tests": [
            {
              "title": "1. GET - List Users",
              "fullTitle": "ReqRes API Automation with POM 1. GET - List Users",
              "timedOut": null,
              "duration": 535,
              "state": "passed",
              "speed": "fast",
              "pass": true,
              "fail": false,
              "pending": false,
              "context": null,
              "code": "_userService.default.getListUsers().its(\"status\").should(\"eq\", 200);",
              "err": {},
              "uuid": "286f2961-6160-4e40-8461-ec7e77d8b064",
              "parentUUID": "f39abe59-7c41-477d-b1f0-04ef7bbf6dbe",
              "isHook": false,
              "skipped": false
            },
            {
              "title": "2. GET - Single User",
              "fullTitle": "ReqRes API Automation with POM 2. GET - Single User",
              "timedOut": null,
              "duration": 50,
              "state": "passed",
              "speed": "fast",
              "pass": true,
              "fail": false,
              "pending": false,
              "context": null,
              "code": "_userService.default.getSingleUser(2).its(\"status\").should(\"eq\", 200);",
              "err": {},
              "uuid": "39fa16f2-ea02-487b-a699-cb4849e5709c",
              "parentUUID": "f39abe59-7c41-477d-b1f0-04ef7bbf6dbe",
              "isHook": false,
              "skipped": false
            },
            {
              "title": "3. GET - Single User Not Found",
              "fullTitle": "ReqRes API Automation with POM 3. GET - Single User Not Found",
              "timedOut": null,
              "duration": 376,
              "state": "passed",
              "speed": "fast",
              "pass": true,
              "fail": false,
              "pending": false,
              "context": null,
              "code": "_userService.default.getSingleUser(23).its(\"status\").should(\"eq\", 401);",
              "err": {},
              "uuid": "22f421ed-c216-4ff7-afcd-c96b326a1d85",
              "parentUUID": "f39abe59-7c41-477d-b1f0-04ef7bbf6dbe",
              "isHook": false,
              "skipped": false
            },
            {
              "title": "4. GET - List Resource",
              "fullTitle": "ReqRes API Automation with POM 4. GET - List Resource",
              "timedOut": null,
              "duration": 412,
              "state": "passed",
              "speed": "fast",
              "pass": true,
              "fail": false,
              "pending": false,
              "context": null,
              "code": "_resourceService.default.getListResource().its(\"status\").should(\"eq\", 401);",
              "err": {},
              "uuid": "5ead82fa-ac1b-4482-9315-62d716f4a9da",
              "parentUUID": "f39abe59-7c41-477d-b1f0-04ef7bbf6dbe",
              "isHook": false,
              "skipped": false
            },
            {
              "title": "5. GET - Single Resource",
              "fullTitle": "ReqRes API Automation with POM 5. GET - Single Resource",
              "timedOut": null,
              "duration": 46,
              "state": "passed",
              "speed": "fast",
              "pass": true,
              "fail": false,
              "pending": false,
              "context": null,
              "code": "_resourceService.default.getSingleResource(2).its(\"status\").should(\"eq\", 200);",
              "err": {},
              "uuid": "1e8906a5-eead-461e-931c-34a332e9a113",
              "parentUUID": "f39abe59-7c41-477d-b1f0-04ef7bbf6dbe",
              "isHook": false,
              "skipped": false
            },
            {
              "title": "6. GET - Single Resource Not Found",
              "fullTitle": "ReqRes API Automation with POM 6. GET - Single Resource Not Found",
              "timedOut": null,
              "duration": 375,
              "state": "passed",
              "speed": "fast",
              "pass": true,
              "fail": false,
              "pending": false,
              "context": null,
              "code": "_resourceService.default.getSingleResource(23).its(\"status\").should(\"eq\", 401);",
              "err": {},
              "uuid": "d13c0355-5c1d-428c-9161-9ee3ecf32e1f",
              "parentUUID": "f39abe59-7c41-477d-b1f0-04ef7bbf6dbe",
              "isHook": false,
              "skipped": false
            },
            {
              "title": "7. POST - Create User",
              "fullTitle": "ReqRes API Automation with POM 7. POST - Create User",
              "timedOut": null,
              "duration": 381,
              "state": "passed",
              "speed": "fast",
              "pass": true,
              "fail": false,
              "pending": false,
              "context": null,
              "code": "_userService.default.createUser({\n  name: \"morpheus\",\n  job: \"leader\"\n}).its(\"status\").should(\"eq\", 401);",
              "err": {},
              "uuid": "c369bd92-a4a8-4d7a-8d95-7eab2d1d9633",
              "parentUUID": "f39abe59-7c41-477d-b1f0-04ef7bbf6dbe",
              "isHook": false,
              "skipped": false
            },
            {
              "title": "8. PUT - Update User",
              "fullTitle": "ReqRes API Automation with POM 8. PUT - Update User",
              "timedOut": null,
              "duration": 214,
              "state": "passed",
              "speed": "fast",
              "pass": true,
              "fail": false,
              "pending": false,
              "context": null,
              "code": "_userService.default.updateUser(2, {\n  name: \"morpheus\",\n  job: \"zion resident\"\n}).its(\"status\").should(\"eq\", 401);",
              "err": {},
              "uuid": "568fb0bd-3d86-4aab-baa5-a6d82beec901",
              "parentUUID": "f39abe59-7c41-477d-b1f0-04ef7bbf6dbe",
              "isHook": false,
              "skipped": false
            },
            {
              "title": "9. PATCH - Update User",
              "fullTitle": "ReqRes API Automation with POM 9. PATCH - Update User",
              "timedOut": null,
              "duration": 209,
              "state": "passed",
              "speed": "fast",
              "pass": true,
              "fail": false,
              "pending": false,
              "context": null,
              "code": "_userService.default.patchUser(2, {\n  job: \"rebel\"\n}).its(\"status\").should(\"eq\", 401);",
              "err": {},
              "uuid": "26966f7f-058f-494c-9ceb-c53f7e599521",
              "parentUUID": "f39abe59-7c41-477d-b1f0-04ef7bbf6dbe",
              "isHook": false,
              "skipped": false
            },
            {
              "title": "10. DELETE - Delete User",
              "fullTitle": "ReqRes API Automation with POM 10. DELETE - Delete User",
              "timedOut": null,
              "duration": 222,
              "state": "passed",
              "speed": "fast",
              "pass": true,
              "fail": false,
              "pending": false,
              "context": null,
              "code": "_userService.default.deleteUser(2).its(\"status\").should(\"eq\", 401);",
              "err": {},
              "uuid": "692ae643-bc38-4e53-8ddd-c658d072fcab",
              "parentUUID": "f39abe59-7c41-477d-b1f0-04ef7bbf6dbe",
              "isHook": false,
              "skipped": false
            },
            {
              "title": "11. POST - Register Successful",
              "fullTitle": "ReqRes API Automation with POM 11. POST - Register Successful",
              "timedOut": null,
              "duration": 207,
              "state": "passed",
              "speed": "fast",
              "pass": true,
              "fail": false,
              "pending": false,
              "context": null,
              "code": "_authService.default.register({\n  email: \"eve.holt@reqres.in\",\n  password: \"pistol\"\n}).its(\"status\").should(\"eq\", 401);",
              "err": {},
              "uuid": "790e35ee-372e-4cc7-bd40-d93af27dc816",
              "parentUUID": "f39abe59-7c41-477d-b1f0-04ef7bbf6dbe",
              "isHook": false,
              "skipped": false
            },
            {
              "title": "12. POST - Register Unsuccessful",
              "fullTitle": "ReqRes API Automation with POM 12. POST - Register Unsuccessful",
              "timedOut": null,
              "duration": 206,
              "state": "passed",
              "speed": "fast",
              "pass": true,
              "fail": false,
              "pending": false,
              "context": null,
              "code": "_authService.default.register({\n  email: \"sydney@fife\"\n}).its(\"status\").should(\"eq\", 401);",
              "err": {},
              "uuid": "f6a87bbd-58db-4b3b-9b5c-f45bf6f00191",
              "parentUUID": "f39abe59-7c41-477d-b1f0-04ef7bbf6dbe",
              "isHook": false,
              "skipped": false
            },
            {
              "title": "13. POST - Login Successful",
              "fullTitle": "ReqRes API Automation with POM 13. POST - Login Successful",
              "timedOut": null,
              "duration": 219,
              "state": "passed",
              "speed": "fast",
              "pass": true,
              "fail": false,
              "pending": false,
              "context": null,
              "code": "_authService.default.login({\n  email: \"eve.holt@reqres.in\",\n  password: \"cityslicka\"\n}).its(\"status\").should(\"eq\", 401);",
              "err": {},
              "uuid": "2fa9b086-253e-4cf2-b656-cd496cc2f124",
              "parentUUID": "f39abe59-7c41-477d-b1f0-04ef7bbf6dbe",
              "isHook": false,
              "skipped": false
            },
            {
              "title": "14. POST - Login Unsuccessful",
              "fullTitle": "ReqRes API Automation with POM 14. POST - Login Unsuccessful",
              "timedOut": null,
              "duration": 211,
              "state": "passed",
              "speed": "fast",
              "pass": true,
              "fail": false,
              "pending": false,
              "context": null,
              "code": "_authService.default.login({\n  email: \"peter@klaven\"\n}).its(\"status\").should(\"eq\", 401);",
              "err": {},
              "uuid": "cb3ae2b4-f325-4238-b418-32ae0677ad16",
              "parentUUID": "f39abe59-7c41-477d-b1f0-04ef7bbf6dbe",
              "isHook": false,
              "skipped": false
            },
            {
              "title": "15. GET - Delayed Response",
              "fullTitle": "ReqRes API Automation with POM 15. GET - Delayed Response",
              "timedOut": null,
              "duration": 3215,
              "state": "passed",
              "speed": "fast",
              "pass": true,
              "fail": false,
              "pending": false,
              "context": null,
              "code": "_resourceService.default.getDelayedResponse(3).its(\"status\").should(\"eq\", 401);",
              "err": {},
              "uuid": "a72e2d4a-196f-441c-8a27-9f4fb1f0a6a3",
              "parentUUID": "f39abe59-7c41-477d-b1f0-04ef7bbf6dbe",
              "isHook": false,
              "skipped": false
            },
            {
              "title": "16. GET - List Users with per_page=1",
              "fullTitle": "ReqRes API Automation with POM 16. GET - List Users with per_page=1",
              "timedOut": null,
              "duration": 57,
              "state": "passed",
              "speed": "fast",
              "pass": true,
              "fail": false,
              "pending": false,
              "context": null,
              "code": "_userService.default.getListUsers(1).then(res => {\n  expect(res.status).to.eq(200);\n  expect(res.body.data.length).to.be.gte(1);\n});",
              "err": {},
              "uuid": "71dfe291-dfff-4091-be97-7b387a9840b2",
              "parentUUID": "f39abe59-7c41-477d-b1f0-04ef7bbf6dbe",
              "isHook": false,
              "skipped": false
            },
            {
              "title": "17. POST - Create Multiple Users",
              "fullTitle": "ReqRes API Automation with POM 17. POST - Create Multiple Users",
              "timedOut": null,
              "duration": 621,
              "state": "passed",
              "speed": "fast",
              "pass": true,
              "fail": false,
              "pending": false,
              "context": null,
              "code": "cy.fixture(\"Tugas18/users\").then(users => {\n  users.forEach(user => {\n    _userService.default.createUser(user).then(res => {\n      expect(res.status).to.eq(401);\n      expect(res.body).to.have.property(\"error\", \"Missing API key\");\n    });\n  });\n});",
              "err": {},
              "uuid": "80627ad6-2858-4acb-91e2-d332430346d4",
              "parentUUID": "f39abe59-7c41-477d-b1f0-04ef7bbf6dbe",
              "isHook": false,
              "skipped": false
            }
          ],
          "suites": [],
          "passes": [
            "286f2961-6160-4e40-8461-ec7e77d8b064",
            "39fa16f2-ea02-487b-a699-cb4849e5709c",
            "22f421ed-c216-4ff7-afcd-c96b326a1d85",
            "5ead82fa-ac1b-4482-9315-62d716f4a9da",
            "1e8906a5-eead-461e-931c-34a332e9a113",
            "d13c0355-5c1d-428c-9161-9ee3ecf32e1f",
            "c369bd92-a4a8-4d7a-8d95-7eab2d1d9633",
            "568fb0bd-3d86-4aab-baa5-a6d82beec901",
            "26966f7f-058f-494c-9ceb-c53f7e599521",
            "692ae643-bc38-4e53-8ddd-c658d072fcab",
            "790e35ee-372e-4cc7-bd40-d93af27dc816",
            "f6a87bbd-58db-4b3b-9b5c-f45bf6f00191",
            "2fa9b086-253e-4cf2-b656-cd496cc2f124",
            "cb3ae2b4-f325-4238-b418-32ae0677ad16",
            "a72e2d4a-196f-441c-8a27-9f4fb1f0a6a3",
            "71dfe291-dfff-4091-be97-7b387a9840b2",
            "80627ad6-2858-4acb-91e2-d332430346d4"
          ],
          "failures": [],
          "pending": [],
          "skipped": [],
          "duration": 7556,
          "root": false,
          "rootEmpty": false,
          "_timeout": 2000
        }
      ],
      "passes": [],
      "failures": [],
      "pending": [],
      "skipped": [],
      "duration": 0,
      "root": true,
      "rootEmpty": true,
      "_timeout": 2000
    }
  ],
  "meta": {
    "mocha": {
      "version": "7.2.0"
    },
    "mochawesome": {
      "options": {
        "quiet": false,
        "reportFilename": "mochawesome",
        "saveHtml": true,
        "saveJson": true,
        "consoleReporter": "spec",
        "useInlineDiffs": false,
        "code": true
      },
      "version": "7.1.3"
    },
    "marge": {
      "options": null,
      "version": "6.2.0"
    }
  }
}