{
  "stats": {
    "suites": 1,
    "tests": 10,
    "passes": 10,
    "pending": 0,
    "failures": 0,
    "start": "2025-08-27T11:35:27.309Z",
    "end": "2025-08-27T11:36:04.786Z",
    "duration": 37477,
    "testsRegistered": 10,
    "passPercent": 100,
    "pendingPercent": 0,
    "other": 0,
    "hasOther": false,
    "skipped": 0,
    "hasSkipped": false
  },
  "results": [
    {
      "uuid": "54558aef-f218-4290-aef3-4b4883ab40a2",
      "title": "",
      "fullFile": "cypress\\e2e\\Quiz3_LoginOrange.cy.js",
      "file": "cypress\\e2e\\Quiz3_LoginOrange.cy.js",
      "beforeHooks": [],
      "afterHooks": [],
      "tests": [],
      "suites": [
        {
          "uuid": "279e2d44-a68b-47d6-ae51-275cd0cdd380",
          "title": "OrangeHRM Login Tests",
          "fullFile": "",
          "file": "",
          "beforeHooks": [],
          "afterHooks": [],
          "tests": [
            {
              "title": "TC_001 - Login dengan username dan password valid",
              "fullTitle": "OrangeHRM Login Tests TC_001 - Login dengan username dan password valid",
              "timedOut": null,
              "duration": 5680,
              "state": "passed",
              "speed": "medium",
              "pass": true,
              "fail": false,
              "pending": false,
              "context": null,
              "code": "_loginPage.default.visit();\n_loginPage.default.enterUsername(\"Admin\");\n_loginPage.default.enterPassword(\"admin123\");\n_loginPage.default.clickLogin();\ncy.wait('@loginRequest').its('response.statusCode').should('eq', 302);\n_loginPage.default.assertDashboard();",
              "err": {},
              "uuid": "9ab78b81-5530-4ffa-b46f-908b67076831",
              "parentUUID": "279e2d44-a68b-47d6-ae51-275cd0cdd380",
              "isHook": false,
              "skipped": false
            },
            {
              "title": "TC_002 - Login dengan username salah dan password benar",
              "fullTitle": "OrangeHRM Login Tests TC_002 - Login dengan username salah dan password benar",
              "timedOut": null,
              "duration": 3811,
              "state": "passed",
              "speed": "fast",
              "pass": true,
              "fail": false,
              "pending": false,
              "context": null,
              "code": "_loginPage.default.visit();\n_loginPage.default.enterUsername(\"wrongpass\");\n_loginPage.default.enterPassword(\"admin123\");\n_loginPage.default.clickLogin();\ncy.wait('@loginRequest').its('response.statusCode').should('eq', 302);\n_loginPage.default.assertErrorMessage();",
              "err": {},
              "uuid": "39bcea36-b71e-4a77-b90e-441b5a76ef3d",
              "parentUUID": "279e2d44-a68b-47d6-ae51-275cd0cdd380",
              "isHook": false,
              "skipped": false
            },
            {
              "title": "TC_003 - Login dengan username benar dan password salah",
              "fullTitle": "OrangeHRM Login Tests TC_003 - Login dengan username benar dan password salah",
              "timedOut": null,
              "duration": 4093,
              "state": "passed",
              "speed": "fast",
              "pass": true,
              "fail": false,
              "pending": false,
              "context": null,
              "code": "_loginPage.default.visit();\n_loginPage.default.enterUsername(\"Admin\");\n_loginPage.default.enterPassword(\"admin1234\");\n_loginPage.default.clickLogin();\ncy.wait('@loginRequest').its('response.statusCode').should('eq', 302);\n_loginPage.default.assertErrorMessage();",
              "err": {},
              "uuid": "d0e8bc9f-9866-4add-b645-cd7a0de357dd",
              "parentUUID": "279e2d44-a68b-47d6-ae51-275cd0cdd380",
              "isHook": false,
              "skipped": false
            },
            {
              "title": "TC_004 - Login dengan username salah dan password salah",
              "fullTitle": "OrangeHRM Login Tests TC_004 - Login dengan username salah dan password salah",
              "timedOut": null,
              "duration": 3751,
              "state": "passed",
              "speed": "fast",
              "pass": true,
              "fail": false,
              "pending": false,
              "context": null,
              "code": "_loginPage.default.visit();\n_loginPage.default.enterUsername(\"Adminn\");\n_loginPage.default.enterPassword(\"admin1234\");\n_loginPage.default.clickLogin();\ncy.wait('@loginRequest').its('response.statusCode').should('eq', 302);\n_loginPage.default.assertErrorMessage();",
              "err": {},
              "uuid": "e1f25d13-7c3e-43f0-9cdf-f8d7314a43ce",
              "parentUUID": "279e2d44-a68b-47d6-ae51-275cd0cdd380",
              "isHook": false,
              "skipped": false
            },
            {
              "title": "TC_005 - Login dengan username kosong dan password valid",
              "fullTitle": "OrangeHRM Login Tests TC_005 - Login dengan username kosong dan password valid",
              "timedOut": null,
              "duration": 2430,
              "state": "passed",
              "speed": "fast",
              "pass": true,
              "fail": false,
              "pending": false,
              "context": null,
              "code": "_loginPage.default.visit();\n_loginPage.default.enterPassword(\"admin123\");\n_loginPage.default.clickLogin();\n_loginPage.default.assertErrorRequired();",
              "err": {},
              "uuid": "b4e0809d-f2c7-41d7-aa68-d7673bd4a708",
              "parentUUID": "279e2d44-a68b-47d6-ae51-275cd0cdd380",
              "isHook": false,
              "skipped": false
            },
            {
              "title": "TC_006 - Login dengan username valid dan password kosong",
              "fullTitle": "OrangeHRM Login Tests TC_006 - Login dengan username valid dan password kosong",
              "timedOut": null,
              "duration": 1152,
              "state": "passed",
              "speed": "fast",
              "pass": true,
              "fail": false,
              "pending": false,
              "context": null,
              "code": "_loginPage.default.visit();\n_loginPage.default.enterUsername(\"Admin\");\n_loginPage.default.clickLogin();\n_loginPage.default.assertErrorRequired();",
              "err": {},
              "uuid": "ec3dc9dc-83db-4ac8-94e0-e2f730cdcb4e",
              "parentUUID": "279e2d44-a68b-47d6-ae51-275cd0cdd380",
              "isHook": false,
              "skipped": false
            },
            {
              "title": "TC_007 - Login dengan username dan password kosong",
              "fullTitle": "OrangeHRM Login Tests TC_007 - Login dengan username dan password kosong",
              "timedOut": null,
              "duration": 917,
              "state": "passed",
              "speed": "fast",
              "pass": true,
              "fail": false,
              "pending": false,
              "context": null,
              "code": "_loginPage.default.visit();\n_loginPage.default.clickLogin();\n_loginPage.default.assertErrorRequired();",
              "err": {},
              "uuid": "d2d48e75-1229-41a1-bfff-9fbf2c71018e",
              "parentUUID": "279e2d44-a68b-47d6-ae51-275cd0cdd380",
              "isHook": false,
              "skipped": false
            },
            {
              "title": "TC_008 - Login dengan spasi di username",
              "fullTitle": "OrangeHRM Login Tests TC_008 - Login dengan spasi di username",
              "timedOut": null,
              "duration": 3773,
              "state": "passed",
              "speed": "fast",
              "pass": true,
              "fail": false,
              "pending": false,
              "context": null,
              "code": "_loginPage.default.visit();\n_loginPage.default.enterUsername(\" Admin\");\n_loginPage.default.enterPassword(\"admin123\");\n_loginPage.default.clickLogin();\n_loginPage.default.assertErrorMessage();",
              "err": {},
              "uuid": "81ba0c26-07b1-4179-bf59-29db95ae8de9",
              "parentUUID": "279e2d44-a68b-47d6-ae51-275cd0cdd380",
              "isHook": false,
              "skipped": false
            },
            {
              "title": "TC_009 - Login dengan username/password yang salah berulang kali",
              "fullTitle": "OrangeHRM Login Tests TC_009 - Login dengan username/password yang salah berulang kali",
              "timedOut": null,
              "duration": 3659,
              "state": "passed",
              "speed": "fast",
              "pass": true,
              "fail": false,
              "pending": false,
              "context": null,
              "code": "_loginPage.default.visit();\n_loginPage.default.enterUsername(\"Adminn\");\n_loginPage.default.enterPassword(\"admin1223\");\n_loginPage.default.clickLogin();\n_loginPage.default.assertErrorMessage();",
              "err": {},
              "uuid": "dd3f8f6c-1a01-4970-8f97-c70c521d762b",
              "parentUUID": "279e2d44-a68b-47d6-ae51-275cd0cdd380",
              "isHook": false,
              "skipped": false
            },
            {
              "title": "TC_010 - Klik Forget Your Password",
              "fullTitle": "OrangeHRM Login Tests TC_010 - Klik Forget Your Password",
              "timedOut": null,
              "duration": 3338,
              "state": "passed",
              "speed": "fast",
              "pass": true,
              "fail": false,
              "pending": false,
              "context": null,
              "code": "_loginPage.default.visit();\n_loginPage.default.clickForgot();",
              "err": {},
              "uuid": "34aa0fb8-62b2-48f0-9e14-13bbc8ab131b",
              "parentUUID": "279e2d44-a68b-47d6-ae51-275cd0cdd380",
              "isHook": false,
              "skipped": false
            }
          ],
          "suites": [],
          "passes": [
            "9ab78b81-5530-4ffa-b46f-908b67076831",
            "39bcea36-b71e-4a77-b90e-441b5a76ef3d",
            "d0e8bc9f-9866-4add-b645-cd7a0de357dd",
            "e1f25d13-7c3e-43f0-9cdf-f8d7314a43ce",
            "b4e0809d-f2c7-41d7-aa68-d7673bd4a708",
            "ec3dc9dc-83db-4ac8-94e0-e2f730cdcb4e",
            "d2d48e75-1229-41a1-bfff-9fbf2c71018e",
            "81ba0c26-07b1-4179-bf59-29db95ae8de9",
            "dd3f8f6c-1a01-4970-8f97-c70c521d762b",
            "34aa0fb8-62b2-48f0-9e14-13bbc8ab131b"
          ],
          "failures": [],
          "pending": [],
          "skipped": [],
          "duration": 32604,
          "root": false,
          "rootEmpty": false,
          "_timeout": 2000
        }
      ],
      "passes": [],
      "failures": [],
      "pending": [],
      "skipped": [],
      "duration": 0,
      "root": true,
      "rootEmpty": true,
      "_timeout": 2000
    }
  ],
  "meta": {
    "mocha": {
      "version": "7.2.0"
    },
    "mochawesome": {
      "options": {
        "quiet": false,
        "reportFilename": "mochawesome",
        "saveHtml": true,
        "saveJson": true,
        "consoleReporter": "spec",
        "useInlineDiffs": false,
        "code": true
      },
      "version": "7.1.3"
    },
    "marge": {
      "options": null,
      "version": "6.2.0"
    }
  }
}